Using pre-set license
Built from '2020.3/staging' branch; Version is '2020.3.21f1 (a38c86f6690f) revision 10718342'; Using compiler version '192528614'; Build Type 'Release'
OS: 'Windows 10 Home; OS build 19043.1348; Version 2009; 64bit' Language: 'en' Physical Memory: 16310 MB
BatchMode: 1, IsHumanControllingUs: 0, StartBugReporterOnCrash: 0, Is64bit: 1, IsPro: 0

COMMAND LINE ARGUMENTS:
D:\Programas\unity\2020.3.21f1\Editor\Unity.exe
-adb2
-batchMode
-noUpm
-name
AssetImportWorker0
-projectPath
E:/Trabajos_2021/VJ/jam_2-11/gameoffjam2021/GameOff
-logFile
Logs/AssetImportWorker0.log
-srvPort
65047
Successfully changed project path to: E:/Trabajos_2021/VJ/jam_2-11/gameoffjam2021/GameOff
E:/Trabajos_2021/VJ/jam_2-11/gameoffjam2021/GameOff
Using Asset Import Pipeline V2.
Refreshing native plugins compatible for Editor in 49.11 ms, found 4 plugins.
Preloading 0 native plugins for Editor in 0.00 ms.
Initialize engine version: 2020.3.21f1 (a38c86f6690f)
[Subsystems] Discovering subsystems at path D:/Programas/unity/2020.3.21f1/Editor/Data/Resources/UnitySubsystems
[Subsystems] Discovering subsystems at path E:/Trabajos_2021/VJ/jam_2-11/gameoffjam2021/GameOff/Assets
GfxDevice: creating device client; threaded=0
Direct3D:
    Version:  Direct3D 11.0 [level 11.1]
    Renderer: NVIDIA GeForce GTX 1060 3GB (ID=0x1c02)
    Vendor:   
    VRAM:     2988 MB
    Driver:   27.21.14.5751
Initialize mono
Mono path[0] = 'D:/Programas/unity/2020.3.21f1/Editor/Data/Managed'
Mono path[1] = 'D:/Programas/unity/2020.3.21f1/Editor/Data/MonoBleedingEdge/lib/mono/unityjit'
Mono config path = 'D:/Programas/unity/2020.3.21f1/Editor/Data/MonoBleedingEdge/etc'
Using monoOptions --debugger-agent=transport=dt_socket,embedding=1,server=y,suspend=n,address=127.0.0.1:56616
Begin MonoManager ReloadAssembly
Registering precompiled unity dll's ...
Register platform support module: D:/Programas/unity/2020.3.21f1/Editor/Data/PlaybackEngines/WindowsStandaloneSupport/UnityEditor.WindowsStandalone.Extensions.dll
Registered in 0.001256 seconds.
Native extension for WindowsStandalone target not found
Refreshing native plugins compatible for Editor in 38.18 ms, found 4 plugins.
Preloading 0 native plugins for Editor in 0.00 ms.
Mono: successfully reloaded assembly
- Completed reload, in  1.107 seconds
Domain Reload Profiling:
	ReloadAssembly (1107ms)
		BeginReloadAssembly (67ms)
			ExecutionOrderSort (0ms)
			DisableScriptedObjects (0ms)
			BackupInstance (0ms)
			ReleaseScriptingObjects (0ms)
			CreateAndSetChildDomain (1ms)
		EndReloadAssembly (520ms)
			LoadAssemblies (66ms)
			RebuildTransferFunctionScriptingTraits (0ms)
			SetupTypeCache (185ms)
			ReleaseScriptCaches (0ms)
			RebuildScriptCaches (38ms)
			SetupLoadedEditorAssemblies (190ms)
				LogAssemblyErrors (0ms)
				InitializePlatformSupportModulesInManaged (4ms)
				SetLoadedEditorAssemblies (0ms)
				RefreshPlugins (38ms)
				BeforeProcessingInitializeOnLoad (9ms)
				ProcessInitializeOnLoadAttributes (100ms)
				ProcessInitializeOnLoadMethodAttributes (37ms)
				AfterProcessingInitializeOnLoad (0ms)
				EditorAssembliesLoaded (0ms)
			ExecutionOrderSort2 (0ms)
			AwakeInstancesAfterBackupRestoration (0ms)
Platform modules already initialized, skipping
Registering precompiled user dll's ...
Registered in 0.012559 seconds.
Begin MonoManager ReloadAssembly
Native extension for WindowsStandalone target not found
Refreshing native plugins compatible for Editor in 0.54 ms, found 4 plugins.
Preloading 0 native plugins for Editor in 0.00 ms.
Mono: successfully reloaded assembly
- Completed reload, in  1.215 seconds
Domain Reload Profiling:
	ReloadAssembly (1217ms)
		BeginReloadAssembly (178ms)
			ExecutionOrderSort (0ms)
			DisableScriptedObjects (8ms)
			BackupInstance (0ms)
			ReleaseScriptingObjects (0ms)
			CreateAndSetChildDomain (22ms)
		EndReloadAssembly (963ms)
			LoadAssemblies (115ms)
			RebuildTransferFunctionScriptingTraits (0ms)
			SetupTypeCache (343ms)
			ReleaseScriptCaches (0ms)
			RebuildScriptCaches (51ms)
			SetupLoadedEditorAssemblies (349ms)
				LogAssemblyErrors (0ms)
				InitializePlatformSupportModulesInManaged (6ms)
				SetLoadedEditorAssemblies (1ms)
				RefreshPlugins (1ms)
				BeforeProcessingInitializeOnLoad (58ms)
				ProcessInitializeOnLoadAttributes (271ms)
				ProcessInitializeOnLoadMethodAttributes (11ms)
				AfterProcessingInitializeOnLoad (3ms)
				EditorAssembliesLoaded (0ms)
			ExecutionOrderSort2 (0ms)
			AwakeInstancesAfterBackupRestoration (7ms)
Platform modules already initialized, skipping
========================================================================
Worker process is ready to serve import requests
Launched and connected shader compiler UnityShaderCompiler.exe after 0.05 seconds
Refreshing native plugins compatible for Editor in 0.50 ms, found 4 plugins.
Preloading 0 native plugins for Editor in 0.00 ms.
Unloading 1526 Unused Serialized files (Serialized files now loaded: 0)
System memory in use before: 68.4 MB.
System memory in use after: 68.5 MB.

Unloading 36 unused Assets to reduce memory usage. Loaded Objects now: 1984.
Total: 3.505100 ms (FindLiveObjects: 0.220200 ms CreateObjectMapping: 0.052500 ms MarkObjects: 3.149900 ms  DeleteObjects: 0.080700 ms)

AssetImportParameters requested are different than current active one (requested -> active):
  custom:framework-win-MediaFoundation: 216162199b28c13a410421893ffa2e32 -> 
  custom:video-decoder-ogg-theora: a1e56fd34408186e4bbccfd4996cb3dc -> 
  custom:container-muxer-webm: aa71ff27fc2769a1b78a27578f13a17b -> 
  custom:container-demuxer-webm: 4f35f7cbe854078d1ac9338744f61a02 -> 
  custom:container-demuxer-ogg: 62fdf1f143b41e24485cea50d1cbac27 -> 
  custom:video-encoder-webm-vp8: eb34c28f22e8b96e1ab97ce403110664 -> 
  custom:video-decoder-webm-vp8: 9c59270c3fd7afecdb556c50c9e8de78 -> 
  custom:audio-decoder-ogg-vorbis: bf7c407c2cedff20999df2af8eb42d56 -> 
  custom:audio-encoder-webm-vorbis: bf7c407c2cedff20999df2af8eb42d56 -> 
========================================================================
Received Import Request.
  path: Assets/Assets/Environment/arbolsub-asset.fbx
  artifactKey: Guid(66cfa0a0db3a840499f28ca5eec269ce) Importer(815301076,1909f56bfc062723c751e8b465ee728b)
Start importing Assets/Assets/Environment/arbolsub-asset.fbx using Guid(66cfa0a0db3a840499f28ca5eec269ce) Importer(815301076,1909f56bfc062723c751e8b465ee728b)  -> (artifact id: 'd4c245acfddf40a53ce98b9a8704a846') in 0.491729 seconds 
  Import took 0.494451 seconds .

========================================================================
Received Import Request.
  Time since last request: 0.000223 seconds.
  path: Assets/Assets
  artifactKey: Guid(ca0eb7ba334aefe409c30c865b5cb1b1) Importer(815301076,1909f56bfc062723c751e8b465ee728b)
Start importing Assets/Assets using Guid(ca0eb7ba334aefe409c30c865b5cb1b1) Importer(815301076,1909f56bfc062723c751e8b465ee728b)  -> (artifact id: '4af3ea065b1665105799547f45470e91') in 0.002431 seconds 
  Import took 0.005157 seconds .

========================================================================
Received Import Request.
  Time since last request: 0.000261 seconds.
  path: Assets/Assets/Environment
  artifactKey: Guid(1c48402c450d6ed4ea6b50cbce5ca00d) Importer(815301076,1909f56bfc062723c751e8b465ee728b)
Start importing Assets/Assets/Environment using Guid(1c48402c450d6ed4ea6b50cbce5ca00d) Importer(815301076,1909f56bfc062723c751e8b465ee728b)  -> (artifact id: '6ec1084607a73a8af1c640d7e2d13e43') in 0.002681 seconds 
  Import took 0.005392 seconds .

========================================================================
Received Prepare
Registering precompiled user dll's ...
Registered in 0.010992 seconds.
Begin MonoManager ReloadAssembly
Native extension for WindowsStandalone target not found
Refreshing native plugins compatible for Editor in 0.56 ms, found 4 plugins.
Preloading 0 native plugins for Editor in 0.00 ms.
Mono: successfully reloaded assembly
- Completed reload, in  1.150 seconds
Domain Reload Profiling:
	ReloadAssembly (1151ms)
		BeginReloadAssembly (129ms)
			ExecutionOrderSort (0ms)
			DisableScriptedObjects (5ms)
			BackupInstance (0ms)
			ReleaseScriptingObjects (0ms)
			CreateAndSetChildDomain (40ms)
		EndReloadAssembly (949ms)
			LoadAssemblies (112ms)
			RebuildTransferFunctionScriptingTraits (0ms)
			SetupTypeCache (349ms)
			ReleaseScriptCaches (1ms)
			RebuildScriptCaches (45ms)
			SetupLoadedEditorAssemblies (330ms)
				LogAssemblyErrors (0ms)
				InitializePlatformSupportModulesInManaged (6ms)
				SetLoadedEditorAssemblies (1ms)
				RefreshPlugins (1ms)
				BeforeProcessingInitializeOnLoad (53ms)
				ProcessInitializeOnLoadAttributes (256ms)
				ProcessInitializeOnLoadMethodAttributes (11ms)
				AfterProcessingInitializeOnLoad (3ms)
				EditorAssembliesLoaded (0ms)
			ExecutionOrderSort2 (0ms)
			AwakeInstancesAfterBackupRestoration (8ms)
Platform modules already initialized, skipping
Refreshing native plugins compatible for Editor in 0.81 ms, found 4 plugins.
Preloading 0 native plugins for Editor in 0.00 ms.
Unloading 1520 Unused Serialized files (Serialized files now loaded: 0)
System memory in use before: 71.6 MB.
System memory in use after: 71.7 MB.

Unloading 32 unused Assets to reduce memory usage. Loaded Objects now: 1996.
Total: 3.707000 ms (FindLiveObjects: 0.196700 ms CreateObjectMapping: 0.042100 ms MarkObjects: 3.432000 ms  DeleteObjects: 0.034400 ms)

AssetImportParameters requested are different than current active one (requested -> active):
  custom:framework-win-MediaFoundation: 216162199b28c13a410421893ffa2e32 -> 
  custom:video-decoder-ogg-theora: a1e56fd34408186e4bbccfd4996cb3dc -> 
  custom:container-muxer-webm: aa71ff27fc2769a1b78a27578f13a17b -> 
  custom:container-demuxer-webm: 4f35f7cbe854078d1ac9338744f61a02 -> 
  custom:container-demuxer-ogg: 62fdf1f143b41e24485cea50d1cbac27 -> 
  custom:video-encoder-webm-vp8: eb34c28f22e8b96e1ab97ce403110664 -> 
  custom:video-decoder-webm-vp8: 9c59270c3fd7afecdb556c50c9e8de78 -> 
  custom:audio-decoder-ogg-vorbis: bf7c407c2cedff20999df2af8eb42d56 -> 
  custom:audio-encoder-webm-vorbis: bf7c407c2cedff20999df2af8eb42d56 -> 
========================================================================
Received Import Request.
  Time since last request: 176.265152 seconds.
  path: Assets/Assets/Environment/tower_fast-LP.fbx
  artifactKey: Guid(20cc9c2f6c3f6544cb8e6258b10776ea) Importer(815301076,1909f56bfc062723c751e8b465ee728b)
Start importing Assets/Assets/Environment/tower_fast-LP.fbx using Guid(20cc9c2f6c3f6544cb8e6258b10776ea) Importer(815301076,1909f56bfc062723c751e8b465ee728b)  -> (artifact id: '42cbc3733af5482f656aca31851fd6be') in 0.218286 seconds 
  Import took 0.221886 seconds .

========================================================================
Received Import Request.
  Time since last request: 8.874281 seconds.
  path: Assets/Assets/Materials/arbol.mat
  artifactKey: Guid(0f4b36c2a7bb16344ba2011a19f48d9a) Importer(815301076,1909f56bfc062723c751e8b465ee728b)
Start importing Assets/Assets/Materials/arbol.mat using Guid(0f4b36c2a7bb16344ba2011a19f48d9a) Importer(815301076,1909f56bfc062723c751e8b465ee728b)  -> (artifact id: 'f397e058dc6a4b77e452656625a086a1') in 0.103335 seconds 
  Import took 0.106164 seconds .

========================================================================
Received Import Request.
  Time since last request: 0.000225 seconds.
  path: Assets/Assets/Materials/Bullets.mat
  artifactKey: Guid(71d5c4e791774ea4b8814040e2352db5) Importer(815301076,1909f56bfc062723c751e8b465ee728b)
Start importing Assets/Assets/Materials/Bullets.mat using Guid(71d5c4e791774ea4b8814040e2352db5) Importer(815301076,1909f56bfc062723c751e8b465ee728b)  -> (artifact id: '72ae6fd2feb5db24b4506c8d9ff3ec8a') in 0.008930 seconds 
  Import took 0.011491 seconds .

========================================================================
Received Import Request.
  Time since last request: 0.000282 seconds.
  path: Assets/Assets/Materials/Material1.mat
  artifactKey: Guid(6e8567dac4a904544bc8a55f4aebac1a) Importer(815301076,1909f56bfc062723c751e8b465ee728b)
Start importing Assets/Assets/Materials/Material1.mat using Guid(6e8567dac4a904544bc8a55f4aebac1a) Importer(815301076,1909f56bfc062723c751e8b465ee728b)  -> (artifact id: 'f2b450f7bc4a9b3a56929162045bf9e5') in 0.008643 seconds 
  Import took 0.011619 seconds .

========================================================================
Received Import Request.
  Time since last request: 0.000240 seconds.
  path: Assets/Assets/Materials/BuildBlock.mat
  artifactKey: Guid(2a9bb2972d1a1334eb83a692383379c4) Importer(815301076,1909f56bfc062723c751e8b465ee728b)
Start importing Assets/Assets/Materials/BuildBlock.mat using Guid(2a9bb2972d1a1334eb83a692383379c4) Importer(815301076,1909f56bfc062723c751e8b465ee728b)  -> (artifact id: 'aecb6d129923f0743cb4e25a83578332') in 0.009011 seconds 
  Import took 0.011751 seconds .

========================================================================
Received Import Request.
  Time since last request: 0.000261 seconds.
  path: Assets/Assets/Materials/Enemy.mat
  artifactKey: Guid(6db4dac7249a1b942abb507f478cfbd4) Importer(815301076,1909f56bfc062723c751e8b465ee728b)
Start importing Assets/Assets/Materials/Enemy.mat using Guid(6db4dac7249a1b942abb507f478cfbd4) Importer(815301076,1909f56bfc062723c751e8b465ee728b)  -> (artifact id: '542baff93ff2c2459a6541cbd17f514d') in 0.008928 seconds 
  Import took 0.011602 seconds .

========================================================================
Received Import Request.
  Time since last request: 0.000265 seconds.
  path: Assets/Assets/Materials/Tower.mat
  artifactKey: Guid(410ee20e262fd734fb0000ebd7aa0b90) Importer(815301076,1909f56bfc062723c751e8b465ee728b)
Start importing Assets/Assets/Materials/Tower.mat using Guid(410ee20e262fd734fb0000ebd7aa0b90) Importer(815301076,1909f56bfc062723c751e8b465ee728b)  -> (artifact id: '1e6506b98d62a95bf6d4846fb419f139') in 0.009145 seconds 
  Import took 0.011871 seconds .

========================================================================
Received Import Request.
  Time since last request: 3.598432 seconds.
  path: Assets/Assets/Materials
  artifactKey: Guid(43e8338208181d04986fda082bc0bf17) Importer(815301076,1909f56bfc062723c751e8b465ee728b)
Start importing Assets/Assets/Materials using Guid(43e8338208181d04986fda082bc0bf17) Importer(815301076,1909f56bfc062723c751e8b465ee728b)  -> (artifact id: 'b31ecd34fff99065e990f2c1fe6afdf6') in 0.004313 seconds 
  Import took 0.009105 seconds .

========================================================================
Received Import Request.
  Time since last request: 6.612726 seconds.
  path: Assets/Assets/Materials/New Material.mat
  artifactKey: Guid(1608515c1a228e34984f532f8aced6fd) Importer(815301076,1909f56bfc062723c751e8b465ee728b)
Start importing Assets/Assets/Materials/New Material.mat using Guid(1608515c1a228e34984f532f8aced6fd) Importer(815301076,1909f56bfc062723c751e8b465ee728b)  -> (artifact id: '6e50c01510791f8bb26c815d21a82699') in 0.008922 seconds 
  Import took 0.011644 seconds .

========================================================================
Received Import Request.
  Time since last request: 4.783988 seconds.
  path: Assets/Assets/texturas/arbol/arbolsub-asset_DefaultMaterial_AlbedoTransparency.png
  artifactKey: Guid(eb696f58bce31134b8078c08f7cddacb) Importer(815301076,1909f56bfc062723c751e8b465ee728b)
Start importing Assets/Assets/texturas/arbol/arbolsub-asset_DefaultMaterial_AlbedoTransparency.png using Guid(eb696f58bce31134b8078c08f7cddacb) Importer(815301076,1909f56bfc062723c751e8b465ee728b)  -> (artifact id: '56cbd8c90dac3017a0bb0cca59e81dd6') in 0.020817 seconds 
  Import took 0.023681 seconds .

========================================================================
Received Import Request.
  Time since last request: 0.000248 seconds.
  path: Assets/Assets/texturas/arbol/arbolsub-asset_DefaultMaterial_Normal.png
  artifactKey: Guid(115fd7886647db24e8b759fec787cccd) Importer(815301076,1909f56bfc062723c751e8b465ee728b)
Start importing Assets/Assets/texturas/arbol/arbolsub-asset_DefaultMaterial_Normal.png using Guid(115fd7886647db24e8b759fec787cccd) Importer(815301076,1909f56bfc062723c751e8b465ee728b)  -> (artifact id: '9e067fdd71d2471ef1b286752e35e179') in 0.008405 seconds 
  Import took 0.011144 seconds .

========================================================================
Received Import Request.
  Time since last request: 0.000250 seconds.
  path: Assets/Assets/texturas/arbol/arbolsub-asset_DefaultMaterial_MetallicSmoothness.png
  artifactKey: Guid(9dc6638e4db61d449bb9f59ed22a709e) Importer(815301076,1909f56bfc062723c751e8b465ee728b)
Start importing Assets/Assets/texturas/arbol/arbolsub-asset_DefaultMaterial_MetallicSmoothness.png using Guid(9dc6638e4db61d449bb9f59ed22a709e) Importer(815301076,1909f56bfc062723c751e8b465ee728b)  -> (artifact id: '4947af5005baeb2eb532f1f577ccb95f') in 0.010103 seconds 
  Import took 0.012863 seconds .

========================================================================
Received Import Request.
  Time since last request: 0.000240 seconds.
  path: Assets/Plugins/GitHub/Editor/big-logo@2x.png
  artifactKey: Guid(f81094832d834c64d93b198cb16b6a3e) Importer(815301076,1909f56bfc062723c751e8b465ee728b)
Start importing Assets/Plugins/GitHub/Editor/big-logo@2x.png using Guid(f81094832d834c64d93b198cb16b6a3e) Importer(815301076,1909f56bfc062723c751e8b465ee728b)  -> (artifact id: '6f32746fa44bd112bb4a7f802a0f0f9e') in 0.008189 seconds 
  Import took 0.010717 seconds .

========================================================================
Received Import Request.
  Time since last request: 23.252396 seconds.
  path: Assets/Assets/texturas/arbol
  artifactKey: Guid(4c7ac5f0cd348fa4691e8e10cde45a7a) Importer(815301076,1909f56bfc062723c751e8b465ee728b)
Start importing Assets/Assets/texturas/arbol using Guid(4c7ac5f0cd348fa4691e8e10cde45a7a) Importer(815301076,1909f56bfc062723c751e8b465ee728b)  -> (artifact id: 'c05c956ae6e378396a7818aee0522551') in 0.002797 seconds 
  Import took 0.005484 seconds .

========================================================================
Received Import Request.
  Time since last request: 2.404621 seconds.
  path: Assets/Assets/texturas
  artifactKey: Guid(504b5d710bc79674da2c4ea049d61ae7) Importer(815301076,1909f56bfc062723c751e8b465ee728b)
Start importing Assets/Assets/texturas using Guid(504b5d710bc79674da2c4ea049d61ae7) Importer(815301076,1909f56bfc062723c751e8b465ee728b)  -> (artifact id: 'edec9d88a75d669d1555aee04adc3bbd') in 0.002634 seconds 
  Import took 0.005271 seconds .

========================================================================
Received Import Request.
  Time since last request: 4.293031 seconds.
  path: Assets/Assets/texturas/torretas
  artifactKey: Guid(77dc6c98ad7dac74e8efccd3366bd4bb) Importer(815301076,1909f56bfc062723c751e8b465ee728b)
Start importing Assets/Assets/texturas/torretas using Guid(77dc6c98ad7dac74e8efccd3366bd4bb) Importer(815301076,1909f56bfc062723c751e8b465ee728b)  -> (artifact id: 'a9737d9abbb3d75c6f48ec2b4743eb87') in 0.002813 seconds 
  Import took 0.005423 seconds .

========================================================================
Received Import Request.
  Time since last request: 4.799440 seconds.
  path: Assets/Assets/texturas/torretas/fast
  artifactKey: Guid(7086d64e112acb84da2c50049213d2e5) Importer(815301076,1909f56bfc062723c751e8b465ee728b)
Start importing Assets/Assets/texturas/torretas/fast using Guid(7086d64e112acb84da2c50049213d2e5) Importer(815301076,1909f56bfc062723c751e8b465ee728b)  -> (artifact id: '3915c0e828210fe6dc8b57b2a51d7115') in 0.002541 seconds 
  Import took 0.005178 seconds .

========================================================================
Received Import Request.
  Time since last request: 7.592033 seconds.
  path: Assets/Assets/texturas/torretas/fast/tower_fast-LP_DefaultMaterial_AlbedoTransparency.png
  artifactKey: Guid(8d09a5ab91bd2c84081cb847545bf466) Importer(815301076,1909f56bfc062723c751e8b465ee728b)
Start importing Assets/Assets/texturas/torretas/fast/tower_fast-LP_DefaultMaterial_AlbedoTransparency.png using Guid(8d09a5ab91bd2c84081cb847545bf466) Importer(815301076,1909f56bfc062723c751e8b465ee728b)  -> (artifact id: 'ab2c692ac2bee26b659f886f288a2391') in 0.015465 seconds 
  Import took 0.018511 seconds .

========================================================================
Received Import Request.
  Time since last request: 0.000289 seconds.
  path: Assets/Assets/texturas/torretas/fast/tower_fast-LP_DefaultMaterial_MetallicSmoothness.png
  artifactKey: Guid(8964da18c18bc8b40afa992fa202d0d6) Importer(815301076,1909f56bfc062723c751e8b465ee728b)
Start importing Assets/Assets/texturas/torretas/fast/tower_fast-LP_DefaultMaterial_MetallicSmoothness.png using Guid(8964da18c18bc8b40afa992fa202d0d6) Importer(815301076,1909f56bfc062723c751e8b465ee728b)  -> (artifact id: 'b9d927f8ca5ac87bb8603b35e00ae782') in 0.021844 seconds 
  Import took 0.024828 seconds .

========================================================================
Received Import Request.
  Time since last request: 0.000428 seconds.
  path: Assets/Assets/texturas/torretas/fast/tower_fast-LP_Material.001_MetallicSmoothness.png
  artifactKey: Guid(50b2ee0442b57b54b8cd5bbe57ac0492) Importer(815301076,1909f56bfc062723c751e8b465ee728b)
Start importing Assets/Assets/texturas/torretas/fast/tower_fast-LP_Material.001_MetallicSmoothness.png using Guid(50b2ee0442b57b54b8cd5bbe57ac0492) Importer(815301076,1909f56bfc062723c751e8b465ee728b)  -> (artifact id: 'b76587f1d56a6e0f1054b63407eaf46c') in 0.015712 seconds 
  Import took 0.019351 seconds .

========================================================================
Received Import Request.
  Time since last request: 0.000224 seconds.
  path: Assets/Assets/texturas/torretas/fast/tower_fast-LP_DefaultMaterial_Normal.png
  artifactKey: Guid(07ace46214d24fc4d868ed058ea37639) Importer(815301076,1909f56bfc062723c751e8b465ee728b)
Start importing Assets/Assets/texturas/torretas/fast/tower_fast-LP_DefaultMaterial_Normal.png using Guid(07ace46214d24fc4d868ed058ea37639) Importer(815301076,1909f56bfc062723c751e8b465ee728b)  -> (artifact id: '996906e0d783250937b39ea4629c7a0a') in 0.009016 seconds 
  Import took 0.011618 seconds .

========================================================================
Received Import Request.
  Time since last request: 0.000274 seconds.
  path: Assets/Assets/texturas/torretas/fast/tower_fast-LP_Material.001_AlbedoTransparency.png
  artifactKey: Guid(84e577b0ed9c06845b22a42c08202d3c) Importer(815301076,1909f56bfc062723c751e8b465ee728b)
Start importing Assets/Assets/texturas/torretas/fast/tower_fast-LP_Material.001_AlbedoTransparency.png using Guid(84e577b0ed9c06845b22a42c08202d3c) Importer(815301076,1909f56bfc062723c751e8b465ee728b)  -> (artifact id: '5e270945b4672d1c8d5fb5d3f56e5bf3') in 0.010579 seconds 
  Import took 0.013921 seconds .

========================================================================
Received Import Request.
  Time since last request: 0.000267 seconds.
  path: Assets/Assets/texturas/torretas/fast/tower_fast-LP_Material.001_Normal.png
  artifactKey: Guid(a139e313228a51d43adc439c59fd0540) Importer(815301076,1909f56bfc062723c751e8b465ee728b)
Start importing Assets/Assets/texturas/torretas/fast/tower_fast-LP_Material.001_Normal.png using Guid(a139e313228a51d43adc439c59fd0540) Importer(815301076,1909f56bfc062723c751e8b465ee728b)  -> (artifact id: '95ae2d19c3bcfe952e42e193af2361b1') in 0.011032 seconds 
  Import took 0.013754 seconds .

========================================================================
Received Import Request.
  Time since last request: 74.507888 seconds.
  path: Assets/Assets/Materials/torre_fast_base.mat
  artifactKey: Guid(1608515c1a228e34984f532f8aced6fd) Importer(815301076,1909f56bfc062723c751e8b465ee728b)
Start importing Assets/Assets/Materials/torre_fast_base.mat using Guid(1608515c1a228e34984f532f8aced6fd) Importer(815301076,1909f56bfc062723c751e8b465ee728b)  -> (artifact id: 'fecb9694a187aec8a578af24f6e009c7') in 0.010699 seconds 
  Import took 0.013410 seconds .

========================================================================
Received Import Request.
  Time since last request: 12.392223 seconds.
  path: Assets/Assets/Materials/cañon.mat
  artifactKey: Guid(fe42d4738af669f41a793aecd3aa2255) Importer(815301076,1909f56bfc062723c751e8b465ee728b)
Start importing Assets/Assets/Materials/cañon.mat using Guid(fe42d4738af669f41a793aecd3aa2255) Importer(815301076,1909f56bfc062723c751e8b465ee728b)  -> (artifact id: '69fe3db0436af68823adae9a40910e83') in 0.010015 seconds 
  Import took 0.013077 seconds .

========================================================================
Received Import Request.
  Time since last request: 82.895625 seconds.
  path: Assets/Prefabs/Ant.prefab
  artifactKey: Guid(b732d160e6131104695c6075c1052ffc) Importer(815301076,1909f56bfc062723c751e8b465ee728b)
Start importing Assets/Prefabs/Ant.prefab using Guid(b732d160e6131104695c6075c1052ffc) Importer(815301076,1909f56bfc062723c751e8b465ee728b)  -> (artifact id: '1b820967391d96aea78e4918670201da') in 0.011100 seconds 
  Import took 0.013893 seconds .

========================================================================
Received Import Request.
  Time since last request: 0.000206 seconds.
  path: Assets/Prefabs/TowerParent.prefab
  artifactKey: Guid(fa64e8354fddac84ca27fb1eaee9a815) Importer(815301076,1909f56bfc062723c751e8b465ee728b)
Start importing Assets/Prefabs/TowerParent.prefab using Guid(fa64e8354fddac84ca27fb1eaee9a815) Importer(815301076,1909f56bfc062723c751e8b465ee728b)  -> (artifact id: '98ffd837794219f342a8100303fa619f') in 0.010243 seconds 
  Import took 0.012821 seconds .

========================================================================
Received Import Request.
  Time since last request: 0.000229 seconds.
  path: Assets/Prefabs/BuildSlot.prefab
  artifactKey: Guid(84f67d66c2d815443bc7e607abc0dc51) Importer(815301076,1909f56bfc062723c751e8b465ee728b)
Start importing Assets/Prefabs/BuildSlot.prefab using Guid(84f67d66c2d815443bc7e607abc0dc51) Importer(815301076,1909f56bfc062723c751e8b465ee728b)  -> (artifact id: '7841b2e2b40170eb738dc3446c25bbc0') in 0.009331 seconds 
  Import took 0.012061 seconds .

========================================================================
Received Import Request.
  Time since last request: 0.000265 seconds.
  path: Assets/Prefabs/Bullet.prefab
  artifactKey: Guid(8d7d579335babab4a8ec97a2c77d95cc) Importer(815301076,1909f56bfc062723c751e8b465ee728b)
Start importing Assets/Prefabs/Bullet.prefab using Guid(8d7d579335babab4a8ec97a2c77d95cc) Importer(815301076,1909f56bfc062723c751e8b465ee728b)  -> (artifact id: '1688d18e7eec9e058ee9bbad20ca9565') in 0.009618 seconds 
  Import took 0.012198 seconds .

========================================================================
Received Import Request.
  Time since last request: 293.222343 seconds.
  path: Assets/Assets/Materials/cañon.mat
  artifactKey: Guid(fe42d4738af669f41a793aecd3aa2255) Importer(815301076,1909f56bfc062723c751e8b465ee728b)
Start importing Assets/Assets/Materials/cañon.mat using Guid(fe42d4738af669f41a793aecd3aa2255) Importer(815301076,1909f56bfc062723c751e8b465ee728b)  -> (artifact id: 'd61437dd3b2ca90b9e2c559bd2e2b07f') in 0.011776 seconds 
  Import took 0.014631 seconds .

========================================================================
Received Import Request.
  Time since last request: 0.000316 seconds.
  path: Assets/Assets/Materials/torre_fast_base.mat
  artifactKey: Guid(1608515c1a228e34984f532f8aced6fd) Importer(815301076,1909f56bfc062723c751e8b465ee728b)
Start importing Assets/Assets/Materials/torre_fast_base.mat using Guid(1608515c1a228e34984f532f8aced6fd) Importer(815301076,1909f56bfc062723c751e8b465ee728b)  -> (artifact id: 'bef8c1c9cd9fdc2dd73f9c1cfbd50994') in 0.013758 seconds 
  Import took 0.016522 seconds .

========================================================================
Received Import Request.
  Time since last request: 28.933370 seconds.
  path: Assets/Assets/texturas/torretas/fast/tower_fast-LP_Material.001_Normal.png
  artifactKey: Guid(a139e313228a51d43adc439c59fd0540) Importer(815301076,1909f56bfc062723c751e8b465ee728b)
Start importing Assets/Assets/texturas/torretas/fast/tower_fast-LP_Material.001_Normal.png using Guid(a139e313228a51d43adc439c59fd0540) Importer(815301076,1909f56bfc062723c751e8b465ee728b)  -> (artifact id: '4be349e950fbd038db063a0f712f7a07') in 0.034838 seconds 
  Import took 0.037722 seconds .

========================================================================
Received Import Request.
  Time since last request: 15.290591 seconds.
  path: Assets/Assets/Materials/cañon.mat
  artifactKey: Guid(fe42d4738af669f41a793aecd3aa2255) Importer(815301076,1909f56bfc062723c751e8b465ee728b)
Start importing Assets/Assets/Materials/cañon.mat using Guid(fe42d4738af669f41a793aecd3aa2255) Importer(815301076,1909f56bfc062723c751e8b465ee728b)  -> (artifact id: '8f7af34c35ab7013743f5b68e45501c2') in 0.012327 seconds 
  Import took 0.015141 seconds .

========================================================================
Received Prepare
Registering precompiled user dll's ...
Registered in 0.011179 seconds.
Begin MonoManager ReloadAssembly
Native extension for WindowsStandalone target not found
Refreshing native plugins compatible for Editor in 0.68 ms, found 4 plugins.
Preloading 0 native plugins for Editor in 0.00 ms.
Mono: successfully reloaded assembly
- Completed reload, in  1.196 seconds
Domain Reload Profiling:
	ReloadAssembly (1197ms)
		BeginReloadAssembly (139ms)
			ExecutionOrderSort (0ms)
			DisableScriptedObjects (5ms)
			BackupInstance (0ms)
			ReleaseScriptingObjects (0ms)
			CreateAndSetChildDomain (41ms)
		EndReloadAssembly (983ms)
			LoadAssemblies (120ms)
			RebuildTransferFunctionScriptingTraits (0ms)
			SetupTypeCache (365ms)
			ReleaseScriptCaches (1ms)
			RebuildScriptCaches (46ms)
			SetupLoadedEditorAssemblies (336ms)
				LogAssemblyErrors (0ms)
				InitializePlatformSupportModulesInManaged (6ms)
				SetLoadedEditorAssemblies (1ms)
				RefreshPlugins (1ms)
				BeforeProcessingInitializeOnLoad (57ms)
				ProcessInitializeOnLoadAttributes (257ms)
				ProcessInitializeOnLoadMethodAttributes (11ms)
				AfterProcessingInitializeOnLoad (3ms)
				EditorAssembliesLoaded (0ms)
			ExecutionOrderSort2 (0ms)
			AwakeInstancesAfterBackupRestoration (8ms)
Platform modules already initialized, skipping
Refreshing native plugins compatible for Editor in 0.58 ms, found 4 plugins.
Preloading 0 native plugins for Editor in 0.00 ms.
Unloading 1520 Unused Serialized files (Serialized files now loaded: 0)
System memory in use before: 71.9 MB.
System memory in use after: 72.1 MB.

Unloading 32 unused Assets to reduce memory usage. Loaded Objects now: 2038.
Total: 3.716400 ms (FindLiveObjects: 0.204300 ms CreateObjectMapping: 0.042800 ms MarkObjects: 3.431200 ms  DeleteObjects: 0.036700 ms)

AssetImportParameters requested are different than current active one (requested -> active):
  custom:framework-win-MediaFoundation: 216162199b28c13a410421893ffa2e32 -> 
  custom:video-decoder-ogg-theora: a1e56fd34408186e4bbccfd4996cb3dc -> 
  custom:container-muxer-webm: aa71ff27fc2769a1b78a27578f13a17b -> 
  custom:container-demuxer-webm: 4f35f7cbe854078d1ac9338744f61a02 -> 
  custom:container-demuxer-ogg: 62fdf1f143b41e24485cea50d1cbac27 -> 
  custom:video-encoder-webm-vp8: eb34c28f22e8b96e1ab97ce403110664 -> 
  custom:video-decoder-webm-vp8: 9c59270c3fd7afecdb556c50c9e8de78 -> 
  custom:audio-decoder-ogg-vorbis: bf7c407c2cedff20999df2af8eb42d56 -> 
  custom:audio-encoder-webm-vorbis: bf7c407c2cedff20999df2af8eb42d56 -> 
AssetImportWorkerClient::OnTransportError - code=2 error=End of file
